# JRE version: Java(TM) SE Runtime Environment (8.0_144-b01) (build 1.8.0_144-b01)
# Java VM: Java HotSpot(TM) 64-Bit Server VM (25.144-b01 mixed mode windows-amd64 compressed oops)
Heap:
 PSYoungGen      total 99328K, used 30396K [0x00000000d5f00000, 0x00000000dee80000, 0x0000000100000000)
  eden space 87552K, 21% used [0x00000000d5f00000,0x00000000d7134c20,0x00000000db480000)
  from space 11776K, 99% used [0x00000000db480000,0x00000000dbffa6c0,0x00000000dc000000)
  to   space 14848K, 0% used [0x00000000de000000,0x00000000de000000,0x00000000dee80000)
 ParOldGen       total 105984K, used 19762K [0x0000000081c00000, 0x0000000088380000, 0x00000000d5f00000)
  object space 105984K, 18% used [0x0000000081c00000,0x0000000082f4c938,0x0000000088380000)
 Metaspace       used 47284K, capacity 49556K, committed 49792K, reserved 1093632K
  class space    used 5572K, capacity 5983K, committed 6016K, reserved 1048576K
GC Heap History (10 events):
Event: 4.558 GC heap before
{Heap before GC invocations=5 (full 1):
 PSYoungGen      total 71680K, used 5112K [0x00000000d5f00000, 0x00000000daa00000, 0x0000000100000000)
  eden space 66560K, 0% used [0x00000000d5f00000,0x00000000d5f00000,0x00000000da000000)
  from space 5120K, 99% used [0x00000000da500000,0x00000000da9fe008,0x00000000daa00000)
  to   space 5120K, 0% used [0x00000000da000000,0x00000000da000000,0x00000000da500000)
 ParOldGen       total 87552K, used 7162K [0x0000000081c00000, 0x0000000087180000, 0x00000000d5f00000)
  object space 87552K, 8% used [0x0000000081c00000,0x00000000822feb48,0x0000000087180000)
 Metaspace       used 20322K, capacity 21138K, committed 21248K, reserved 1067008K
  class space    used 2516K, capacity 2732K, committed 2816K, reserved 1048576K
Event: 4.677 GC heap after
Heap after GC invocations=5 (full 1):
 PSYoungGen      total 71680K, used 0K [0x00000000d5f00000, 0x00000000daa00000, 0x0000000100000000)
  eden space 66560K, 0% used [0x00000000d5f00000,0x00000000d5f00000,0x00000000da000000)
  from space 5120K, 0% used [0x00000000da500000,0x00000000da500000,0x00000000daa00000)
  to   space 5120K, 0% used [0x00000000da000000,0x00000000da000000,0x00000000da500000)
 ParOldGen       total 64000K, used 6758K [0x0000000081c00000, 0x0000000085a80000, 0x00000000d5f00000)
  object space 64000K, 10% used [0x0000000081c00000,0x0000000082299ac8,0x0000000085a80000)
 Metaspace       used 20322K, capacity 21138K, committed 21248K, reserved 1067008K
  class space    used 2516K, capacity 2732K, committed 2816K, reserved 1048576K
}
Event: 10.677 GC heap before
{Heap before GC invocations=6 (full 1):
 PSYoungGen      total 71680K, used 66560K [0x00000000d5f00000, 0x00000000daa00000, 0x0000000100000000)
  eden space 66560K, 100% used [0x00000000d5f00000,0x00000000da000000,0x00000000da000000)
  from space 5120K, 0% used [0x00000000da500000,0x00000000da500000,0x00000000daa00000)
  to   space 5120K, 0% used [0x00000000da000000,0x00000000da000000,0x00000000da500000)
 ParOldGen       total 64000K, used 6758K [0x0000000081c00000, 0x0000000085a80000, 0x00000000d5f00000)
  object space 64000K, 10% used [0x0000000081c00000,0x0000000082299ac8,0x0000000085a80000)
 Metaspace       used 27475K, capacity 28974K, committed 29312K, reserved 1075200K
  class space    used 3437K, capacity 3686K, committed 3712K, reserved 1048576K
Event: 10.707 GC heap after
Heap after GC invocations=6 (full 1):
 PSYoungGen      total 71680K, used 5112K [0x00000000d5f00000, 0x00000000dca00000, 0x0000000100000000)
  eden space 66560K, 0% used [0x00000000d5f00000,0x00000000d5f00000,0x00000000da000000)
  from space 5120K, 99% used [0x00000000da000000,0x00000000da4fe240,0x00000000da500000)
  to   space 9728K, 0% used [0x00000000dc080000,0x00000000dc080000,0x00000000dca00000)
 ParOldGen       total 64000K, used 10558K [0x0000000081c00000, 0x0000000085a80000, 0x00000000d5f00000)
  object space 64000K, 16% used [0x0000000081c00000,0x000000008264f9d8,0x0000000085a80000)
 Metaspace       used 27475K, capacity 28974K, committed 29312K, reserved 1075200K
  class space    used 3437K, capacity 3686K, committed 3712K, reserved 1048576K
}
Event: 14.923 GC heap before
{Heap before GC invocations=7 (full 1):
 PSYoungGen      total 71680K, used 69190K [0x00000000d5f00000, 0x00000000dca00000, 0x0000000100000000)
  eden space 66560K, 96% used [0x00000000d5f00000,0x00000000d9d93850,0x00000000da000000)
  from space 5120K, 99% used [0x00000000da000000,0x00000000da4fe240,0x00000000da500000)
  to   space 9728K, 0% used [0x00000000dc080000,0x00000000dc080000,0x00000000dca00000)
 ParOldGen       total 64000K, used 10558K [0x0000000081c00000, 0x0000000085a80000, 0x00000000d5f00000)
  object space 64000K, 16% used [0x0000000081c00000,0x000000008264f9d8,0x0000000085a80000)
 Metaspace       used 33409K, capacity 35330K, committed 35416K, reserved 1081344K
  class space    used 4216K, capacity 4555K, committed 4608K, reserved 1048576K
Event: 14.944 GC heap after
Heap after GC invocations=7 (full 1):
 PSYoungGen      total 97280K, used 9704K [0x00000000d5f00000, 0x00000000dcb80000, 0x0000000100000000)
  eden space 87552K, 0% used [0x00000000d5f00000,0x00000000d5f00000,0x00000000db480000)
  from space 9728K, 99% used [0x00000000dc080000,0x00000000dc9fa0a0,0x00000000dca00000)
  to   space 11776K, 0% used [0x00000000db480000,0x00000000db480000,0x00000000dc000000)
 ParOldGen       total 64000K, used 12446K [0x0000000081c00000, 0x0000000085a80000, 0x00000000d5f00000)
  object space 64000K, 19% used [0x0000000081c00000,0x00000000828278a0,0x0000000085a80000)
 Metaspace       used 33409K, capacity 35330K, committed 35416K, reserved 1081344K
  class space    used 4216K, capacity 4555K, committed 4608K, reserved 1048576K
}
Event: 14.944 GC heap before
{Heap before GC invocations=8 (full 2):
 PSYoungGen      total 97280K, used 9704K [0x00000000d5f00000, 0x00000000dcb80000, 0x0000000100000000)
  eden space 87552K, 0% used [0x00000000d5f00000,0x00000000d5f00000,0x00000000db480000)
  from space 9728K, 99% used [0x00000000dc080000,0x00000000dc9fa0a0,0x00000000dca00000)
  to   space 11776K, 0% used [0x00000000db480000,0x00000000db480000,0x00000000dc000000)
 ParOldGen       total 64000K, used 12446K [0x0000000081c00000, 0x0000000085a80000, 0x00000000d5f00000)
  object space 64000K, 19% used [0x0000000081c00000,0x00000000828278a0,0x0000000085a80000)
 Metaspace       used 33409K, capacity 35330K, committed 35416K, reserved 1081344K
  class space    used 4216K, capacity 4555K, committed 4608K, reserved 1048576K
Event: 15.037 GC heap after
Heap after GC invocations=8 (full 2):
 PSYoungGen      total 97280K, used 0K [0x00000000d5f00000, 0x00000000dcb80000, 0x0000000100000000)
  eden space 87552K, 0% used [0x00000000d5f00000,0x00000000d5f00000,0x00000000db480000)
  from space 9728K, 0% used [0x00000000dc080000,0x00000000dc080000,0x00000000dca00000)
  to   space 11776K, 0% used [0x00000000db480000,0x00000000db480000,0x00000000dc000000)
 ParOldGen       total 105984K, used 15858K [0x0000000081c00000, 0x0000000088380000, 0x00000000d5f00000)
  object space 105984K, 14% used [0x0000000081c00000,0x0000000082b7cbb0,0x0000000088380000)
 Metaspace       used 33409K, capacity 35330K, committed 35416K, reserved 1081344K
  class space    used 4216K, capacity 4555K, committed 4608K, reserved 1048576K
}
Event: 55.978 GC heap before
{Heap before GC invocations=9 (full 2):
 PSYoungGen      total 97280K, used 87552K [0x00000000d5f00000, 0x00000000dcb80000, 0x0000000100000000)
  eden space 87552K, 100% used [0x00000000d5f00000,0x00000000db480000,0x00000000db480000)
  from space 9728K, 0% used [0x00000000dc080000,0x00000000dc080000,0x00000000dca00000)
  to   space 11776K, 0% used [0x00000000db480000,0x00000000db480000,0x00000000dc000000)
 ParOldGen       total 105984K, used 15858K [0x0000000081c00000, 0x0000000088380000, 0x00000000d5f00000)
  object space 105984K, 14% used [0x0000000081c00000,0x0000000082b7cbb0,0x0000000088380000)
 Metaspace       used 46513K, capacity 48744K, committed 48896K, reserved 1091584K
  class space    used 5502K, capacity 5885K, committed 5888K, reserved 1048576K
Event: 56.005 GC heap after
Heap after GC invocations=9 (full 2):
 PSYoungGen      total 99328K, used 11753K [0x00000000d5f00000, 0x00000000dee80000, 0x0000000100000000)
  eden space 87552K, 0% used [0x00000000d5f00000,0x00000000d5f00000,0x00000000db480000)
  from space 11776K, 99% used [0x00000000db480000,0x00000000dbffa6c0,0x00000000dc000000)
  to   space 14848K, 0% used [0x00000000de000000,0x00000000de000000,0x00000000dee80000)
 ParOldGen       total 105984K, used 19762K [0x0000000081c00000, 0x0000000088380000, 0x00000000d5f00000)
  object space 105984K, 18% used [0x0000000081c00000,0x0000000082f4c938,0x0000000088380000)
 Metaspace       used 46513K, capacity 48744K, committed 48896K, reserved 1091584K
  class space    used 5502K, capacity 5885K, committed 5888K, reserved 1048576K
}

